Arguments: 
  /Users/alesanro/.nvm/versions/node/v8.6.0/bin/node /Users/alesanro/.nvm/versions/node/v8.6.0/bin/yarn init

PATH: 
  /Users/alesanro/.nvm/versions/node/v8.6.0/bin:/Users/alesanro/.rbenv/shims:/Users/alesanro/.rbenv/bin:/Users/alesanro/.rbenv/versions/*/bin:/Users/alesanro/Downloads/oclint-0.8.1/bin:/Users/alesanro/Downloads/infer-osx-v0.3.0/infer/bin:/usr/local/bin:/usr/bin:/bin:/usr/sbin:/sbin:/usr/local/sbin:

Yarn version: 
  1.9.4

Node version: 
  8.6.0

Platform: 
  darwin x64

Trace: 
  Error: canceled
      at Interface.<anonymous> (/Users/alesanro/.nvm/versions/node/v8.6.0/lib/node_modules/yarn/lib/cli.js:126002:13)
      at emitNone (events.js:105:13)
      at Interface.emit (events.js:207:7)
      at Interface._ttyWrite (readline.js:775:16)
      at ReadStream.onkeypress (readline.js:160:10)
      at emitTwo (events.js:125:13)
      at ReadStream.emit (events.js:213:7)
      at emitKeys (internal/readline.js:420:14)
      at emitKeys.next (<anonymous>)
      at ReadStream.onData (readline.js:1011:36)

npm manifest: 
  No manifest

yarn manifest: 
  No manifest

Lockfile: 
  No lockfile
